<?xml version="1.0" encoding="UTF-8"?>
<testng-results skipped="0" failed="0" ignored="0" total="1" passed="1">
  <reporter-output>
  </reporter-output>
  <suite name="Default suite" duration-ms="10167" started-at="2021-06-06T17:51:43Z" finished-at="2021-06-06T17:51:54Z">
    <groups>
    </groups>
    <test name="Default test" duration-ms="10167" started-at="2021-06-06T17:51:43Z" finished-at="2021-06-06T17:51:54Z">
      <class name="testCases.LoginTestPage">
        <test-method status="PASS" signature="setUp()[pri:0, instance:testCases.LoginTestPage@59fa1d9b]" name="setUp" is-config="true" duration-ms="3895" started-at="2021-06-06T17:51:44Z" finished-at="2021-06-06T17:51:47Z">
          <reporter-output>
          </reporter-output>
        </test-method> <!-- setUp -->
        <test-method status="PASS" signature="LoginTest()[pri:0, instance:testCases.LoginTestPage@59fa1d9b]" name="LoginTest" duration-ms="5478" started-at="2021-06-06T17:51:47Z" finished-at="2021-06-06T17:51:53Z">
          <reporter-output>
          </reporter-output>
        </test-method> <!-- LoginTest -->
        <test-method status="PASS" signature="tearDown()[pri:0, instance:testCases.LoginTestPage@59fa1d9b]" name="tearDown" is-config="true" duration-ms="769" started-at="2021-06-06T17:51:53Z" finished-at="2021-06-06T17:51:54Z">
          <reporter-output>
          </reporter-output>
        </test-method> <!-- tearDown -->
      </class> <!-- testCases.LoginTestPage -->
    </test> <!-- Default test -->
  </suite> <!-- Default suite -->
</testng-results>
